2019-10-31 15:20:39 INFO  WunderListAPI:16 - *****Started testcase OF List*****
2019-10-31 15:20:40 INFO  WunderListAPI:23 - *****Verifying GET Request*****
2019-10-31 15:20:43 INFO  WunderListAPI:26 - Status Code==> 200
2019-10-31 15:20:43 INFO  WunderListAPI:33 - *****Verifying GET Request By ID*****
2019-10-31 15:20:44 INFO  WunderListAPI:36 - Status Code==> 200
2019-10-31 15:37:08 INFO  WunderListAPI:16 - *****Started testcase OF List*****
2019-10-31 15:37:08 INFO  WunderListAPI:23 - *****Verifying GET Request*****
2019-10-31 15:37:32 INFO  WunderListAPI:26 - Status Code==> 200
2019-10-31 15:37:32 INFO  WunderListAPI:33 - *****Verifying GET Request By ID*****
2019-10-31 15:37:33 INFO  WunderListAPI:36 - Status Code==> 200
2019-10-31 16:04:49 INFO  WunderListAPI:16 - *****Started testcase OF List*****
2019-10-31 16:04:49 INFO  WunderListAPI:23 - *****Verifying GET Request*****
2019-10-31 16:04:51 INFO  WunderListAPI:26 - Status Code==> 200
2019-10-31 16:04:51 INFO  WunderListAPI:33 - *****Verifying GET Request By ID*****
2019-10-31 16:04:53 INFO  WunderListAPI:36 - Status Code==> 200
2019-10-31 16:43:01 INFO  WunderListAPI:17 - *****Started testcase OF List*****
2019-10-31 16:43:02 INFO  WunderListAPI:24 - *****Verifying GET Request*****
2019-10-31 16:43:04 INFO  WunderListAPI:28 - Status Code==> 200
2019-10-31 16:43:04 INFO  WunderListAPI:36 - *****Verifying GET Request By ID*****
2019-10-31 16:43:06 INFO  WunderListAPI:40 - Status Code==> 200
2019-10-31 18:54:14 INFO  WunderListAPI:25 - ***** Verifying Create List *****
2019-10-31 18:54:17 INFO  WunderListAPI:38 - ***** Create List With Invalid Title*****
2019-10-31 18:55:45 INFO  WunderListAPI:17 - *****Started testcase OF List*****
2019-10-31 18:55:46 INFO  WunderListAPI:24 - *****Verifying GET Request*****
2019-10-31 18:55:49 INFO  WunderListAPI:28 - Status Code==> 200
2019-10-31 18:55:49 INFO  WunderListAPI:36 - *****Verifying GET Request By ID*****
2019-10-31 18:55:50 INFO  WunderListAPI:40 - Status Code==> 200
2019-10-31 18:56:26 INFO  WunderListAPI:25 - ***** Verifying Create List *****
2019-10-31 18:56:29 INFO  WunderListAPI:38 - ***** Create List With Invalid Title*****
2019-10-31 18:57:37 INFO  WunderListAPI:25 - ***** Verifying Create List *****
2019-10-31 18:57:40 INFO  WunderListAPI:32 - Status Code==> 201
2019-10-31 18:57:40 INFO  WunderListAPI:39 - ***** Create List With Invalid Title*****
2019-10-31 18:57:41 INFO  WunderListAPI:47 - Status Code==> 422
2019-11-01 11:48:38 INFO  WunderListAPI:17 - *****Started testcase OF List*****
2019-11-01 11:48:39 INFO  WunderListAPI:24 - *****Verifying GET Request*****
2019-11-01 11:48:39 INFO  WunderListAPI:36 - *****Verifying GET Request By ID*****
2019-11-01 11:50:00 INFO  WunderListAPI:17 - *****Started testcase OF List*****
2019-11-01 11:50:01 INFO  WunderListAPI:24 - *****Verifying GET Request*****
2019-11-01 11:50:04 INFO  WunderListAPI:28 - Status Code==> 200
2019-11-01 11:50:04 INFO  WunderListAPI:36 - *****Verifying GET Request By ID*****
2019-11-01 11:50:05 INFO  WunderListAPI:40 - Status Code==> 200
2019-11-01 11:50:19 INFO  WunderListAPI:25 - ***** Verifying Create List *****
2019-11-01 11:50:22 INFO  WunderListAPI:32 - Status Code==> 201
2019-11-01 11:50:22 INFO  WunderListAPI:39 - ***** Create List With Invalid Title*****
2019-11-01 11:50:23 INFO  WunderListAPI:46 - Status Code==> 422
2019-11-01 11:56:18 INFO  WunderListAPI:17 - *****Started testcase OF List*****
2019-11-01 11:56:19 INFO  WunderListAPI:24 - *****Verifying GET Request*****
2019-11-01 11:56:22 INFO  WunderListAPI:28 - Status Code==> 200
2019-11-01 11:56:22 INFO  WunderListAPI:36 - *****Verifying GET Request By ID*****
2019-11-01 11:56:23 INFO  WunderListAPI:40 - Status Code==> 200
2019-11-01 11:56:23 INFO  WunderListAPI:25 - ***** Verifying Create List *****
2019-11-01 11:56:23 INFO  WunderListAPI:39 - ***** Create List With Invalid Title*****
2019-11-01 11:59:18 INFO  WunderListAPI:17 - *****Started testcase OF List*****
2019-11-01 11:59:19 INFO  WunderListAPI:24 - *****Verifying GET Request*****
2019-11-01 11:59:21 INFO  WunderListAPI:28 - Status Code==> 200
2019-11-01 11:59:21 INFO  WunderListAPI:36 - *****Verifying GET Request By ID*****
2019-11-01 11:59:23 INFO  WunderListAPI:40 - Status Code==> 200
2019-11-01 11:59:23 INFO  WunderListAPI:25 - ***** Verifying Create List *****
2019-11-01 11:59:23 INFO  WunderListAPI:39 - ***** Create List With Invalid Title*****
2019-11-01 12:01:23 INFO  WunderListAPI:17 - *****Started testcase OF List*****
2019-11-01 12:01:24 INFO  WunderListAPI:24 - *****Verifying GET Request*****
2019-11-01 12:01:26 INFO  WunderListAPI:28 - Status Code==> 200
2019-11-01 12:01:26 INFO  WunderListAPI:36 - *****Verifying GET Request By ID*****
2019-11-01 12:01:27 INFO  WunderListAPI:40 - Status Code==> 200
2019-11-01 12:01:27 INFO  WunderListAPI:25 - ***** Verifying Create List *****
2019-11-01 12:01:27 INFO  WunderListAPI:39 - ***** Create List With Invalid Title*****
2019-11-01 12:02:45 INFO  WunderListAPI:17 - *****Started testcase OF List*****
2019-11-01 12:02:46 INFO  WunderListAPI:24 - *****Verifying GET Request*****
2019-11-01 12:02:48 INFO  WunderListAPI:28 - Status Code==> 200
2019-11-01 12:02:48 INFO  WunderListAPI:36 - *****Verifying GET Request By ID*****
2019-11-01 12:02:49 INFO  WunderListAPI:40 - Status Code==> 200
2019-11-01 12:12:19 INFO  WunderListAPI:17 - *****Started testcase OF List*****
2019-11-01 12:12:20 INFO  WunderListAPI:24 - *****Verifying GET Request*****
2019-11-01 12:12:20 INFO  WunderListAPI:36 - *****Verifying GET Request By ID*****
2019-11-01 12:12:20 INFO  WunderListAPI:25 - ***** Verifying Create List *****
2019-11-01 12:12:20 INFO  WunderListAPI:39 - ***** Create List With Invalid Title*****
2019-11-01 12:13:04 INFO  WunderListAPI:25 - ***** Verifying Create List *****
2019-11-01 12:13:04 INFO  WunderListAPI:39 - ***** Create List With Invalid Title*****
2019-11-01 12:13:39 INFO  WunderListAPI:17 - *****Started testcase OF List*****
2019-11-01 12:13:40 INFO  WunderListAPI:24 - *****Verifying GET Request*****
2019-11-01 12:13:42 INFO  WunderListAPI:28 - Status Code==> 200
2019-11-01 12:13:42 INFO  WunderListAPI:36 - *****Verifying GET Request By ID*****
2019-11-01 12:13:43 INFO  WunderListAPI:40 - Status Code==> 200
2019-11-01 12:40:45 INFO  WunderListAPI:17 - *****Started testcase OF List*****
2019-11-01 12:40:54 INFO  WunderListAPI:25 - *****Verifying GET Request*****
2019-11-01 12:41:13 INFO  WunderListAPI:29 - Status Code==> 200
2019-11-01 12:41:13 INFO  WunderListAPI:38 - *****Verifying GET Request By ID*****
2019-11-01 12:41:15 INFO  WunderListAPI:42 - Status Code==> 200
2019-11-01 12:41:15 INFO  WunderListAPI:26 - ***** Verifying Create List *****
2019-11-01 12:41:18 INFO  WunderListAPI:33 - Status Code==> 201
2019-11-01 12:41:18 INFO  WunderListAPI:41 - ***** Create List With Invalid Title*****
2019-11-01 12:41:19 INFO  WunderListAPI:48 - Status Code==> 422
2019-11-01 12:46:13 INFO  WunderListAPI:17 - *****Started testcase OF List*****
2019-11-01 12:46:23 INFO  WunderListAPI:25 - *****Verifying GET Request*****
2019-11-01 12:46:43 INFO  WunderListAPI:29 - Status Code==> 200
2019-11-01 12:46:43 INFO  WunderListAPI:38 - *****Verifying GET Request By ID*****
2019-11-01 12:46:44 INFO  WunderListAPI:42 - Status Code==> 200
2019-11-01 12:46:44 INFO  WunderListAPI:26 - ***** Verifying Create List *****
2019-11-01 12:46:46 INFO  WunderListAPI:33 - Status Code==> 201
2019-11-01 12:46:46 INFO  WunderListAPI:41 - ***** Create List With Invalid Title*****
2019-11-01 12:46:48 INFO  WunderListAPI:48 - Status Code==> 422
2019-11-01 12:50:46 INFO  WunderListAPI:26 - ***** Verifying Create List *****
2019-11-01 12:51:07 INFO  WunderListAPI:33 - Status Code==> 201
2019-11-01 12:51:07 INFO  WunderListAPI:41 - ***** Create List With Invalid Title*****
2019-11-01 12:51:08 INFO  WunderListAPI:48 - Status Code==> 422
2019-11-01 12:53:44 INFO  WunderListAPI:17 - *****Started testcase OF List*****
2019-11-01 12:53:52 INFO  WunderListAPI:25 - *****Verifying GET Request*****
2019-11-01 12:54:12 INFO  WunderListAPI:29 - Status Code==> 200
2019-11-01 12:54:12 INFO  WunderListAPI:38 - *****Verifying GET Request By ID*****
2019-11-01 12:54:14 INFO  WunderListAPI:42 - Status Code==> 200
2019-11-01 12:54:14 INFO  WunderListAPI:26 - ***** Verifying Create List *****
2019-11-01 12:54:16 INFO  WunderListAPI:33 - Status Code==> 201
2019-11-01 12:54:16 INFO  WunderListAPI:41 - ***** Create List With Invalid Title*****
2019-11-01 12:54:17 INFO  WunderListAPI:48 - Status Code==> 422
2019-11-01 12:59:36 INFO  WunderListAPI:26 - ***** Verifying Create List *****
2019-11-01 12:59:56 INFO  WunderListAPI:33 - Status Code==> 201
2019-11-01 12:59:56 INFO  WunderListAPI:41 - ***** Create List With Invalid Title*****
2019-11-01 12:59:57 INFO  WunderListAPI:48 - Status Code==> 422
2019-11-01 12:59:57 INFO  WunderListAPI:17 - *****Started testcase OF List*****
2019-11-01 12:59:57 INFO  WunderListAPI:25 - *****Verifying GET Request*****
2019-11-01 12:59:59 INFO  WunderListAPI:29 - Status Code==> 200
2019-11-01 12:59:59 INFO  WunderListAPI:38 - *****Verifying GET Request By ID*****
2019-11-01 13:00:01 INFO  WunderListAPI:42 - Status Code==> 200
2019-11-01 13:12:37 INFO  WunderListAPI:26 - ***** Verifying Create List *****
2019-11-01 13:12:58 INFO  WunderListAPI:33 - Status Code==> 201
2019-11-01 13:12:58 INFO  WunderListAPI:41 - ***** Create List With Invalid Title*****
2019-11-01 13:12:59 INFO  WunderListAPI:48 - Status Code==> 422
2019-11-01 13:12:59 INFO  WunderListAPI:17 - *****Started testcase OF List*****
2019-11-01 13:12:59 INFO  WunderListAPI:25 - *****Verifying GET Request*****
2019-11-01 13:13:01 INFO  WunderListAPI:29 - Status Code==> 200
2019-11-01 13:13:01 INFO  WunderListAPI:38 - *****Verifying GET Request By ID*****
2019-11-01 13:13:03 INFO  WunderListAPI:42 - Status Code==> 200
2019-11-01 13:25:04 INFO  WunderListAPI:27 - ***** Verifying Create List *****
2019-11-01 13:25:26 INFO  WunderListAPI:34 - Status Code==> 201
2019-11-01 13:25:26 INFO  WunderListAPI:42 - ***** Create List With Invalid Title*****
2019-11-01 13:25:27 INFO  WunderListAPI:49 - Status Code==> 422
2019-11-01 13:25:27 INFO  WunderListAPI:18 - *****Started testcase OF List*****
2019-11-01 13:25:27 INFO  WunderListAPI:26 - *****Verifying GET Request*****
2019-11-01 13:25:29 INFO  WunderListAPI:30 - Status Code==> 200
2019-11-01 13:25:29 INFO  WunderListAPI:39 - *****Verifying GET Request By ID*****
2019-11-01 13:25:31 INFO  WunderListAPI:43 - Status Code==> 200
2019-11-01 14:02:37 INFO  WunderListAPI:46 - ***** Verifying PUT Request List With Invalid Revision  *****
2019-11-01 14:02:40 INFO  WunderListAPI:54 - Status Code==> 409
2019-11-01 14:02:40 INFO  WunderListAPI:27 - ***** Verifying PUT Request List With Revision *****
2019-11-01 14:02:43 INFO  WunderListAPI:38 - Status Code==> 200
2019-11-01 15:07:13 INFO  WunderListAPI:46 - ***** Verifying PUT Request List With Invalid Revision  *****
2019-11-01 15:07:15 INFO  WunderListAPI:55 - Status Code==> 409
2019-11-01 15:07:15 INFO  WunderListAPI:27 - ***** Verifying PUT Request List With Revision *****
2019-11-01 15:07:18 INFO  WunderListAPI:38 - Status Code==> 200
2019-11-01 15:10:30 INFO  WunderListAPI:46 - ***** Verifying PUT Request List With Invalid Revision  *****
2019-11-01 15:10:32 INFO  WunderListAPI:55 - Status Code==> 409
2019-11-01 15:10:32 INFO  WunderListAPI:27 - ***** Verifying PUT Request List With Revision *****
2019-11-01 15:10:35 INFO  WunderListAPI:38 - Status Code==> 200
2019-11-01 15:11:52 INFO  WunderListAPI:46 - ***** Verifying PATCH Request List With Invalid Revision  *****
2019-11-01 15:11:54 INFO  WunderListAPI:55 - Status Code==> 409
2019-11-01 15:11:54 INFO  WunderListAPI:27 - ***** Verifying PATCH Request List With Revision *****
2019-11-01 15:11:57 INFO  WunderListAPI:38 - Status Code==> 200
2019-11-01 17:36:35 INFO  WunderListAPI:27 - *****Verifying DELETE Request With Revision*****
2019-11-01 17:36:38 INFO  WunderListAPI:37 - Status Code==> 204
2019-11-01 17:36:38 INFO  WunderListAPI:45 - *****Verifying DELETE Request With Invalid Revision*****
2019-11-01 17:36:39 INFO  WunderListAPI:55 - Status Code==> 404
2019-11-01 17:37:09 INFO  WunderListAPI:27 - ***** Verifying Create List *****
2019-11-01 17:37:12 INFO  WunderListAPI:34 - Status Code==> 201
2019-11-01 17:37:12 INFO  WunderListAPI:42 - ***** Create List With Invalid Title*****
2019-11-01 17:37:13 INFO  WunderListAPI:49 - Status Code==> 422
2019-11-01 17:37:13 INFO  WunderListAPI:18 - *****Started testcase OF List*****
2019-11-01 17:37:13 INFO  WunderListAPI:26 - *****Verifying GET Request*****
2019-11-01 17:37:14 INFO  WunderListAPI:30 - Status Code==> 200
2019-11-01 17:37:14 INFO  WunderListAPI:39 - *****Verifying GET Request By ID*****
2019-11-01 17:37:15 INFO  WunderListAPI:43 - Status Code==> 200
2019-11-01 17:38:21 INFO  WunderListAPI:27 - ***** Verifying Create List *****
2019-11-01 17:38:24 INFO  WunderListAPI:34 - Status Code==> 201
2019-11-01 17:38:24 INFO  WunderListAPI:42 - ***** Create List With Invalid Title*****
2019-11-01 17:38:25 INFO  WunderListAPI:49 - Status Code==> 422
2019-11-01 17:38:25 INFO  WunderListAPI:18 - *****Started testcase OF List*****
2019-11-01 17:38:25 INFO  WunderListAPI:26 - *****Verifying GET Request*****
2019-11-01 17:38:27 INFO  WunderListAPI:30 - Status Code==> 200
2019-11-01 17:38:27 INFO  WunderListAPI:39 - *****Verifying GET Request By ID*****
2019-11-01 17:38:28 INFO  WunderListAPI:43 - Status Code==> 200
2019-11-01 17:42:37 INFO  WunderListAPI:27 - ***** Verifying Create List *****
2019-11-01 17:42:40 INFO  WunderListAPI:34 - Status Code==> 201
2019-11-01 17:42:40 INFO  WunderListAPI:42 - ***** Create List With Invalid Title*****
2019-11-01 17:42:41 INFO  WunderListAPI:49 - Status Code==> 422
2019-11-01 17:42:41 INFO  WunderListAPI:18 - *****Started testcase OF List*****
2019-11-01 17:42:41 INFO  WunderListAPI:26 - *****Verifying GET Request*****
2019-11-01 17:42:42 INFO  WunderListAPI:30 - Status Code==> 200
2019-11-01 17:42:42 INFO  WunderListAPI:39 - *****Verifying GET Request By ID*****
2019-11-01 17:42:44 INFO  WunderListAPI:43 - Status Code==> 200
2019-11-01 18:11:28 INFO  WunderListAPI:18 - *****Started testcase OF List*****
2019-11-01 18:11:29 INFO  WunderListAPI:26 - *****Verifying GET Request*****
2019-11-01 18:11:31 INFO  WunderListAPI:30 - Status Code==> 200
2019-11-01 18:11:31 INFO  WunderListAPI:39 - *****Verifying GET Request By ID*****
2019-11-01 18:11:32 INFO  WunderListAPI:43 - Status Code==> 200
2019-11-01 18:11:32 INFO  WunderListAPI:27 - ***** Verifying Create List *****
2019-11-01 18:11:34 INFO  WunderListAPI:34 - Status Code==> 201
2019-11-01 18:11:34 INFO  WunderListAPI:42 - ***** Create List With Invalid Title*****
2019-11-01 18:11:35 INFO  WunderListAPI:49 - Status Code==> 422
2019-11-01 18:11:35 INFO  WunderListAPI:46 - ***** Verifying PATCH Request List With Invalid Revision  *****
2019-11-01 18:11:36 INFO  WunderListAPI:55 - Status Code==> 409
2019-11-01 18:11:36 INFO  WunderListAPI:27 - ***** Verifying PATCH Request List With Revision *****
2019-11-01 18:11:39 INFO  WunderListAPI:38 - Status Code==> 200
2019-11-01 18:11:39 INFO  WunderListAPI:46 - ***** Verifying PUT Request List With Invalid Revision  *****
2019-11-01 18:11:40 INFO  WunderListAPI:55 - Status Code==> 409
2019-11-01 18:11:40 INFO  WunderListAPI:27 - ***** Verifying PUT Request List With Revision *****
2019-11-01 18:11:42 INFO  WunderListAPI:38 - Status Code==> 200
2019-11-01 18:11:42 INFO  WunderListAPI:27 - *****Verifying DELETE Request With Revision*****
2019-11-01 18:11:44 INFO  WunderListAPI:37 - Status Code==> 204
2019-11-01 18:11:44 INFO  WunderListAPI:45 - *****Verifying DELETE Request With Invalid Revision*****
2019-11-01 18:11:45 INFO  WunderListAPI:55 - Status Code==> 404
2019-11-01 18:21:16 INFO  WunderListAPI:19 - *****Started testcase OF List*****
2019-11-01 18:21:17 INFO  WunderListAPI:27 - *****Verifying GET Request*****
2019-11-01 18:21:20 INFO  WunderListAPI:36 - Status Code==> 200
2019-11-01 18:21:20 INFO  WunderListAPI:45 - *****Verifying GET Request By ID*****
2019-11-01 18:21:21 INFO  WunderListAPI:49 - Status Code==> 200
2019-11-01 18:21:47 INFO  WunderListAPI:19 - *****Started testcase OF List*****
2019-11-01 18:21:47 INFO  WunderListAPI:27 - *****Verifying GET Request*****
2019-11-01 18:21:50 INFO  WunderListAPI:36 - Status Code==> 200
2019-11-01 18:21:50 INFO  WunderListAPI:45 - *****Verifying GET Request By ID*****
2019-11-01 18:21:52 INFO  WunderListAPI:49 - Status Code==> 200
2019-11-01 18:26:42 INFO  WunderListAPI:31 - *****Verifying DELETE Request With Revision*****
2019-11-01 18:26:43 INFO  WunderListAPI:41 - Status Code==> 204
2019-11-01 18:27:18 INFO  WunderListAPI:31 - *****Verifying DELETE Request With Revision*****
2019-11-01 18:27:19 INFO  WunderListAPI:41 - Status Code==> 204
2019-11-01 18:27:51 INFO  WunderListAPI:31 - *****Verifying DELETE Request With Revision*****
2019-11-01 18:27:52 INFO  WunderListAPI:41 - Status Code==> 204
2019-11-01 18:29:50 INFO  WunderListAPI:31 - *****Verifying DELETE Request With Revision*****
2019-11-01 18:29:52 INFO  WunderListAPI:41 - Status Code==> 204
2019-11-01 18:31:21 INFO  WunderListAPI:53 - *****Verifying DELETE Request With Invalid Revision*****
2019-11-01 18:31:22 INFO  WunderListAPI:63 - Status Code==> 409
2019-11-01 18:31:46 INFO  WunderListAPI:31 - *****Verifying DELETE Request With Revision*****
2019-11-01 18:31:47 INFO  WunderListAPI:41 - Status Code==> 204
2019-11-01 19:12:05 INFO  WunderListAPI:50 - *****Verifying DELETE Request With Invalid Revision*****
2019-11-01 19:13:26 INFO  WunderListAPI:50 - *****Verifying DELETE Request With Invalid Revision*****
2019-11-01 19:14:31 INFO  WunderListAPI:50 - *****Verifying DELETE Request With Invalid Revision*****
2019-11-01 19:15:04 INFO  WunderListAPI:31 - *****Verifying DELETE Request With Revision*****
2019-11-01 19:15:06 INFO  WunderListAPI:41 - Status Code==> 204
2019-11-01 19:15:06 INFO  WunderListAPI:50 - *****Verifying DELETE Request With Invalid Revision*****
2019-11-01 19:15:08 INFO  WunderListAPI:60 - Status Code==> 409
2019-11-01 19:15:39 INFO  WunderListAPI:31 - *****Verifying DELETE Request With Revision*****
2019-11-01 19:15:41 INFO  WunderListAPI:41 - Status Code==> 204
2019-11-01 19:15:41 INFO  WunderListAPI:50 - *****Verifying DELETE Request With Invalid Revision*****
2019-11-01 19:15:43 INFO  WunderListAPI:60 - Status Code==> 409
2019-11-01 19:15:53 INFO  WunderListAPI:18 - *****Started testcase OF List*****
2019-11-01 19:15:54 INFO  WunderListAPI:26 - *****Verifying GET Request*****
2019-11-01 19:15:57 INFO  WunderListAPI:31 - Status Code==> 200
2019-11-01 19:15:57 INFO  WunderListAPI:40 - *****Verifying GET Request By ID*****
2019-11-01 19:15:58 INFO  WunderListAPI:44 - Status Code==> 200
2019-11-01 19:15:58 INFO  WunderListAPI:27 - ***** Verifying Create List *****
2019-11-01 19:16:01 INFO  WunderListAPI:34 - Status Code==> 201
2019-11-01 19:16:01 INFO  WunderListAPI:42 - ***** Create List With Invalid Title*****
2019-11-01 19:16:03 INFO  WunderListAPI:49 - Status Code==> 422
2019-11-01 19:16:03 INFO  WunderListAPI:46 - ***** Verifying PATCH Request List With Invalid Revision  *****
2019-11-01 19:16:04 INFO  WunderListAPI:55 - Status Code==> 409
2019-11-01 19:16:04 INFO  WunderListAPI:27 - ***** Verifying PATCH Request List With Revision *****
2019-11-01 19:16:07 INFO  WunderListAPI:38 - Status Code==> 200
2019-11-01 19:16:07 INFO  WunderListAPI:46 - ***** Verifying PUT Request List With Invalid Revision  *****
2019-11-01 19:16:09 INFO  WunderListAPI:55 - Status Code==> 409
2019-11-01 19:16:09 INFO  WunderListAPI:27 - ***** Verifying PUT Request List With Revision *****
2019-11-01 19:16:12 INFO  WunderListAPI:38 - Status Code==> 200
2019-11-01 19:16:14 INFO  WunderListAPI:31 - *****Verifying DELETE Request With Revision*****
2019-11-01 19:16:16 INFO  WunderListAPI:41 - Status Code==> 204
2019-11-01 19:16:16 INFO  WunderListAPI:50 - *****Verifying DELETE Request With Invalid Revision*****
2019-11-01 19:16:18 INFO  WunderListAPI:60 - Status Code==> 409
